<?xml version="1.0" encoding="UTF-8"?>
<!-- Generated by org.testng.reporters.JUnitXMLReporter -->
<testsuite hostname="LAPTOP-N1QJ0PMG" ignored="2" name="Attendance Test" tests="1" failures="0" timestamp="03 Feb 2023 07:38:22 GMT" time="62.433" errors="0">
  <testcase name="AttendaanceWithLocalVisitAndWholeDay" time="62.409" classname="com.mwbtech.PagarPlusApp.AttendanceScreenTest"/>
  <testcase name="AttendaanceWithBranchVisitAndFirstHalf" time="0.0" classname="com.mwbtech.PagarPlusApp.AttendanceScreenTest">
    <ignored/>
  </testcase> <!-- AttendaanceWithBranchVisitAndFirstHalf -->
  <testcase name="AttendaanceWithOutstationVisitAndSecondHalf" time="0.0" classname="com.mwbtech.PagarPlusApp.AttendanceScreenTest">
    <ignored/>
  </testcase> <!-- AttendaanceWithOutstationVisitAndSecondHalf -->
</testsuite> <!-- Attendance Test -->
