<?xml version="1.0" encoding="UTF-8"?>
<!-- Generated by org.testng.reporters.JUnitXMLReporter -->
<testsuite hostname="LAPTOP-N1QJ0PMG" ignored="0" name="Attendance Test(failed)" tests="1" failures="1" timestamp="31 Jan 2023 09:57:34 GMT" time="69.592" errors="0">
  <testcase name="AttendaanceWithBranchVisitAndFirstHalf" time="68.559" classname="com.mwbtech.PagarPlusApp.AttendanceScreenTest">
    <failure type="org.openqa.selenium.WebDriverException" message="An unknown server-side error occurred while processing the command. Original error: Cannot start the &amp;apos;com.pagarplus.app&amp;apos; application. Consider checking the driver&amp;apos;s troubleshooting documentation. Original error: &amp;apos;com.pagarplus.app.modules.splashscreen.ui.SplashActivity&amp;apos; never started. Consider checking the driver&amp;apos;s troubleshooting documentation.
Build info: version: &amp;apos;4.8.0&amp;apos;, revision: &amp;apos;267030adea&amp;apos;
System info: os.name: &amp;apos;Windows 10&amp;apos;, os.arch: &amp;apos;amd64&amp;apos;, os.version: &amp;apos;10.0&amp;apos;, java.version: &amp;apos;1.8.0_191&amp;apos;
Driver info: io.appium.java_client.android.AndroidDriver
Command: [a788b0a0-e2a5-4a05-a7a9-9e1b5f62b2fc, startActivity {appPackage=com.pagarplus.app, appActivity=.modules.splashscreen.ui.SplashActivity, appWaitPackage=, appWaitActivity=, dontStopAppOnReset=false, intentAction=, intentCategory=, intentFlags=, optionalIntentArguments=}]
Capabilities {appium:automationName: UIAutomator2, appium:databaseEnabled: false, appium:desired: {automationName: UIAutomator2, noReset: true, platformName: android, udid: R9AR70ZLHSE}, appium:deviceApiLevel: 30, appium:deviceManufacturer: samsung, appium:deviceModel: SM-T505, appium:deviceName: R9AR70ZLHSE, appium:deviceScreenDensity: 240, appium:deviceScreenSize: 1200x2000, appium:deviceUDID: R9AR70ZLHSE, appium:javascriptEnabled: true, appium:locationContextEnabled: false, appium:networkConnectionEnabled: true, appium:noReset: true, appium:pixelRatio: 1.5, appium:platformVersion: 11, appium:statBarHeight: 36, appium:takesScreenshot: true, appium:udid: R9AR70ZLHSE, appium:viewportRect: {height: 1892, left: 0, top: 36, width: 1200}, appium:warnings: {}, appium:webStorageEnabled: false, platformName: ANDROID}
Session ID: a788b0a0-e2a5-4a05-a7a9-9e1b5f62b2fc">
      <![CDATA[org.openqa.selenium.WebDriverException: An unknown server-side error occurred while processing the command. Original error: Cannot start the 'com.pagarplus.app' application. Consider checking the driver's troubleshooting documentation. Original error: 'com.pagarplus.app.modules.splashscreen.ui.SplashActivity' never started. Consider checking the driver's troubleshooting documentation.
Build info: version: '4.8.0', revision: '267030adea'
System info: os.name: 'Windows 10', os.arch: 'amd64', os.version: '10.0', java.version: '1.8.0_191'
Driver info: io.appium.java_client.android.AndroidDriver
Command: [a788b0a0-e2a5-4a05-a7a9-9e1b5f62b2fc, startActivity {appPackage=com.pagarplus.app, appActivity=.modules.splashscreen.ui.SplashActivity, appWaitPackage=, appWaitActivity=, dontStopAppOnReset=false, intentAction=, intentCategory=, intentFlags=, optionalIntentArguments=}]
Capabilities {appium:automationName: UIAutomator2, appium:databaseEnabled: false, appium:desired: {automationName: UIAutomator2, noReset: true, platformName: android, udid: R9AR70ZLHSE}, appium:deviceApiLevel: 30, appium:deviceManufacturer: samsung, appium:deviceModel: SM-T505, appium:deviceName: R9AR70ZLHSE, appium:deviceScreenDensity: 240, appium:deviceScreenSize: 1200x2000, appium:deviceUDID: R9AR70ZLHSE, appium:javascriptEnabled: true, appium:locationContextEnabled: false, appium:networkConnectionEnabled: true, appium:noReset: true, appium:pixelRatio: 1.5, appium:platformVersion: 11, appium:statBarHeight: 36, appium:takesScreenshot: true, appium:udid: R9AR70ZLHSE, appium:viewportRect: {height: 1892, left: 0, top: 36, width: 1200}, appium:warnings: {}, appium:webStorageEnabled: false, platformName: ANDROID}
Session ID: a788b0a0-e2a5-4a05-a7a9-9e1b5f62b2fc
at org.openqa.selenium.remote.codec.w3c.W3CHttpResponseCodec.createException(W3CHttpResponseCodec.java:200)
at org.openqa.selenium.remote.codec.w3c.W3CHttpResponseCodec.decode(W3CHttpResponseCodec.java:133)
at org.openqa.selenium.remote.codec.w3c.W3CHttpResponseCodec.decode(W3CHttpResponseCodec.java:53)
at org.openqa.selenium.remote.HttpCommandExecutor.execute(HttpCommandExecutor.java:184)
at io.appium.java_client.remote.AppiumCommandExecutor.execute(AppiumCommandExecutor.java:262)
at org.openqa.selenium.remote.RemoteWebDriver.execute(RemoteWebDriver.java:543)
at org.openqa.selenium.remote.RemoteWebDriver.execute(RemoteWebDriver.java:598)
at io.appium.java_client.AppiumDriver.execute(AppiumDriver.java:267)
at io.appium.java_client.CommandExecutionHelper.execute(CommandExecutionHelper.java:27)
at io.appium.java_client.android.StartsActivity.startActivity(StartsActivity.java:45)
at com.mwbtech.PagarPlusApp.BaseTest.ConfigureAppium(BaseTest.java:46)
at com.mwbtech.PagarPlusApp.AttendanceScreenTest.AttendaanceWithBranchVisitAndFirstHalf(AttendanceScreenTest.java:8)
... Removed 29 stack frames]]>
    </failure>
  </testcase> <!-- AttendaanceWithBranchVisitAndFirstHalf -->
</testsuite> <!-- Attendance Test(failed) -->
